<?xml version="1.0" encoding="UTF-8"?>
<testng-results skipped="0" failed="4" total="4" passed="0">
  <reporter-output>
  </reporter-output>
  <suite name="Suite" duration-ms="466349" started-at="2020-04-10T13:45:55Z" finished-at="2020-04-10T13:53:41Z">
    <groups>
    </groups>
    <test name="Test" duration-ms="466349" started-at="2020-04-10T13:45:55Z" finished-at="2020-04-10T13:53:41Z">
      <class name="com.tests.RegisterPageTestRunner">
        <test-method status="PASS" signature="setUP()[pri:0, instance:com.tests.RegisterPageTestRunner@42dafa95]" name="setUP" is-config="true" duration-ms="422" started-at="2020-04-10T19:15:55Z" finished-at="2020-04-10T19:15:55Z">
          <reporter-output>
          </reporter-output>
        </test-method> <!-- setUP -->
        <test-method status="FAIL" signature="login(cucumber.api.testng.CucumberFeatureWrapper)[pri:0, instance:com.tests.RegisterPageTestRunner@42dafa95]" name="login" duration-ms="109343" started-at="2020-04-10T19:15:55Z" description="login" data-provider="features" finished-at="2020-04-10T19:17:45Z">
          <params>
            <param index="0">
              <value>
                <![CDATA[Membership for engineers club application]]>
              </value>
            </param>
          </params>
          <exception class="cucumber.runtime.CucumberException">
            <message>
              <![CDATA[org.openqa.selenium.WebDriverException: chrome not reachable
  (Session info: chrome=80.0.3987.163)
Build info: version: '3.141.59', revision: 'e82be7d358', time: '2018-11-14T08:17:03'
System info: host: 'BHARATH', ip: '192.168.43.184', os.name: 'Windows 10', os.arch: 'amd64', os.version: '10.0', java.version: '1.8.0_231'
Driver info: org.openqa.selenium.chrome.ChromeDriver
Capabilities {acceptInsecureCerts: false, browserName: chrome, browserVersion: 80.0.3987.163, chrome: {chromedriverVersion: 80.0.3987.106 (f68069574609..., userDataDir: C:\Users\KANISE~1\AppData\L...}, goog:chromeOptions: {debuggerAddress: localhost:3954}, javascriptEnabled: true, networkConnectionEnabled: false, pageLoadStrategy: normal, platform: WINDOWS, platformName: WINDOWS, proxy: Proxy(), setWindowRect: true, strictFileInteractability: false, timeouts: {implicit: 0, pageLoad: 300000, script: 30000}, unhandledPromptBehavior: dismiss and notify}
Session ID: e930af2cc9ec12384ae38885c183d550]]>
            </message>
            <full-stacktrace>
              <![CDATA[cucumber.runtime.CucumberException: org.openqa.selenium.WebDriverException: chrome not reachable
  (Session info: chrome=80.0.3987.163)
Build info: version: '3.141.59', revision: 'e82be7d358', time: '2018-11-14T08:17:03'
System info: host: 'BHARATH', ip: '192.168.43.184', os.name: 'Windows 10', os.arch: 'amd64', os.version: '10.0', java.version: '1.8.0_231'
Driver info: org.openqa.selenium.chrome.ChromeDriver
Capabilities {acceptInsecureCerts: false, browserName: chrome, browserVersion: 80.0.3987.163, chrome: {chromedriverVersion: 80.0.3987.106 (f68069574609..., userDataDir: C:\Users\KANISE~1\AppData\L...}, goog:chromeOptions: {debuggerAddress: localhost:3954}, javascriptEnabled: true, networkConnectionEnabled: false, pageLoadStrategy: normal, platform: WINDOWS, platformName: WINDOWS, proxy: Proxy(), setWindowRect: true, strictFileInteractability: false, timeouts: {implicit: 0, pageLoad: 300000, script: 30000}, unhandledPromptBehavior: dismiss and notify}
Session ID: e930af2cc9ec12384ae38885c183d550
	at cucumber.api.testng.TestNGCucumberRunner.runCucumber(TestNGCucumberRunner.java:69)
	at com.tests.RegisterPageTestRunner.login(RegisterPageTestRunner.java:31)
	at sun.reflect.NativeMethodAccessorImpl.invoke0(Native Method)
	at sun.reflect.NativeMethodAccessorImpl.invoke(NativeMethodAccessorImpl.java:62)
	at sun.reflect.DelegatingMethodAccessorImpl.invoke(DelegatingMethodAccessorImpl.java:43)
	at java.lang.reflect.Method.invoke(Method.java:498)
	at org.testng.internal.MethodInvocationHelper.invokeMethod(MethodInvocationHelper.java:84)
	at org.testng.internal.Invoker.invokeMethod(Invoker.java:714)
	at org.testng.internal.Invoker.invokeTestMethod(Invoker.java:901)
	at org.testng.internal.Invoker.invokeTestMethods(Invoker.java:1231)
	at org.testng.internal.TestMethodWorker.invokeTestMethods(TestMethodWorker.java:127)
	at org.testng.internal.TestMethodWorker.run(TestMethodWorker.java:111)
	at org.testng.TestRunner.privateRun(TestRunner.java:767)
	at org.testng.TestRunner.run(TestRunner.java:617)
	at org.testng.SuiteRunner.runTest(SuiteRunner.java:334)
	at org.testng.SuiteRunner.runSequentially(SuiteRunner.java:329)
	at org.testng.SuiteRunner.privateRun(SuiteRunner.java:291)
	at org.testng.SuiteRunner.run(SuiteRunner.java:240)
	at org.testng.SuiteRunnerWorker.runSuite(SuiteRunnerWorker.java:52)
	at org.testng.SuiteRunnerWorker.run(SuiteRunnerWorker.java:86)
	at org.testng.TestNG.runSuitesSequentially(TestNG.java:1224)
	at org.testng.TestNG.runSuitesLocally(TestNG.java:1149)
	at org.testng.TestNG.run(TestNG.java:1057)
	at org.testng.remote.AbstractRemoteTestNG.run(AbstractRemoteTestNG.java:115)
	at org.testng.remote.RemoteTestNG.initAndRun(RemoteTestNG.java:251)
	at org.testng.remote.RemoteTestNG.main(RemoteTestNG.java:77)
Caused by: org.openqa.selenium.WebDriverException: chrome not reachable
  (Session info: chrome=80.0.3987.163)
Build info: version: '3.141.59', revision: 'e82be7d358', time: '2018-11-14T08:17:03'
System info: host: 'BHARATH', ip: '192.168.43.184', os.name: 'Windows 10', os.arch: 'amd64', os.version: '10.0', java.version: '1.8.0_231'
Driver info: org.openqa.selenium.chrome.ChromeDriver
Capabilities {acceptInsecureCerts: false, browserName: chrome, browserVersion: 80.0.3987.163, chrome: {chromedriverVersion: 80.0.3987.106 (f68069574609..., userDataDir: C:\Users\KANISE~1\AppData\L...}, goog:chromeOptions: {debuggerAddress: localhost:3954}, javascriptEnabled: true, networkConnectionEnabled: false, pageLoadStrategy: normal, platform: WINDOWS, platformName: WINDOWS, proxy: Proxy(), setWindowRect: true, strictFileInteractability: false, timeouts: {implicit: 0, pageLoad: 300000, script: 30000}, unhandledPromptBehavior: dismiss and notify}
Session ID: e930af2cc9ec12384ae38885c183d550
	at sun.reflect.NativeConstructorAccessorImpl.newInstance0(Native Method)
	at sun.reflect.NativeConstructorAccessorImpl.newInstance(NativeConstructorAccessorImpl.java:62)
	at sun.reflect.DelegatingConstructorAccessorImpl.newInstance(DelegatingConstructorAccessorImpl.java:45)
	at java.lang.reflect.Constructor.newInstance(Constructor.java:423)
	at org.openqa.selenium.remote.http.W3CHttpResponseCodec.createException(W3CHttpResponseCodec.java:187)
	at org.openqa.selenium.remote.http.W3CHttpResponseCodec.decode(W3CHttpResponseCodec.java:122)
	at org.openqa.selenium.remote.http.W3CHttpResponseCodec.decode(W3CHttpResponseCodec.java:49)
	at org.openqa.selenium.remote.HttpCommandExecutor.execute(HttpCommandExecutor.java:158)
	at org.openqa.selenium.remote.service.DriverCommandExecutor.execute(DriverCommandExecutor.java:83)
	at org.openqa.selenium.remote.RemoteWebDriver.execute(RemoteWebDriver.java:552)
	at org.openqa.selenium.remote.RemoteWebDriver.execute(RemoteWebDriver.java:609)
	at org.openqa.selenium.remote.RemoteWebDriver.getScreenshotAs(RemoteWebDriver.java:295)
	at com.pages.Base_Class.takeSnap(Base_Class.java:49)
	at com.testdefinition.RegisterationTest.open_application_and_click_on_Registeration_link(RegisterationTest.java:25)
	at ?.Given Open application and click on Registeration link(Register.feature:7)
]]>
            </full-stacktrace>
          </exception> <!-- cucumber.runtime.CucumberException -->
          <reporter-output>
          </reporter-output>
        </test-method> <!-- login -->
        <test-method status="PASS" signature="tearDown()[pri:0, instance:com.tests.RegisterPageTestRunner@42dafa95]" name="tearDown" is-config="true" duration-ms="0" started-at="2020-04-10T19:17:45Z" finished-at="2020-04-10T19:17:45Z">
          <reporter-output>
          </reporter-output>
        </test-method> <!-- tearDown -->
      </class> <!-- com.tests.RegisterPageTestRunner -->
      <class name="com.tests.SearchByCategoryTestRunner">
        <test-method status="PASS" signature="setUP()[pri:0, instance:com.tests.SearchByCategoryTestRunner@4dfa3a9d]" name="setUP" is-config="true" duration-ms="22" started-at="2020-04-10T19:23:26Z" finished-at="2020-04-10T19:23:26Z">
          <reporter-output>
          </reporter-output>
        </test-method> <!-- setUP -->
        <test-method status="FAIL" signature="login(cucumber.api.testng.CucumberFeatureWrapper)[pri:0, instance:com.tests.SearchByCategoryTestRunner@4dfa3a9d]" name="login" duration-ms="15380" started-at="2020-04-10T19:23:26Z" description="login" data-provider="features" finished-at="2020-04-10T19:23:41Z">
          <params>
            <param index="0">
              <value>
                <![CDATA[Search by category]]>
              </value>
            </param>
          </params>
          <exception class="cucumber.runtime.CucumberException">
            <message>
              <![CDATA[org.openqa.selenium.SessionNotCreatedException: session not created
from chrome not reachable
  (Session info: chrome=80.0.3987.163)
Build info: version: '3.141.59', revision: 'e82be7d358', time: '2018-11-14T08:17:03'
System info: host: 'BHARATH', ip: '192.168.43.184', os.name: 'Windows 10', os.arch: 'amd64', os.version: '10.0', java.version: '1.8.0_231'
Driver info: driver.version: ChromeDriver
remote stacktrace: Backtrace:
	Ordinal0 [0x003C0C83+1707139]
	Ordinal0 [0x003268F1+1075441]
	Ordinal0 [0x0029DE72+515698]
	Ordinal0 [0x00297CA8+490664]
	Ordinal0 [0x0029839B+492443]
	Ordinal0 [0x002992F5+496373]
	Ordinal0 [0x00294F05+478981]
	Ordinal0 [0x0029ECA0+519328]
	Ordinal0 [0x0024CA67+182887]
	Ordinal0 [0x0024BDDD+179677]
	Ordinal0 [0x00249D4B+171339]
	Ordinal0 [0x00231D4A+73034]
	Ordinal0 [0x00232DC0+77248]
	Ordinal0 [0x00232D59+77145]
	Ordinal0 [0x0033BB67+1162087]
	GetHandleVerifier [0x0045A966+508998]
	GetHandleVerifier [0x0045A6A4+508292]
	GetHandleVerifier [0x0046F7B7+594583]
	GetHandleVerifier [0x0045B1D6+511158]
	Ordinal0 [0x0033402C+1130540]
	Ordinal0 [0x0033D4CB+1168587]
	Ordinal0 [0x0033D633+1168947]
	Ordinal0 [0x00355B35+1268533]
	BaseThreadInitThunk [0x77176359+25]
	RtlGetAppContainerNamedObjectPath [0x77C97B74+228]
	RtlGetAppContainerNamedObjectPath [0x77C97B44+180]
]]>
            </message>
            <full-stacktrace>
              <![CDATA[cucumber.runtime.CucumberException: org.openqa.selenium.SessionNotCreatedException: session not created
from chrome not reachable
  (Session info: chrome=80.0.3987.163)
Build info: version: '3.141.59', revision: 'e82be7d358', time: '2018-11-14T08:17:03'
System info: host: 'BHARATH', ip: '192.168.43.184', os.name: 'Windows 10', os.arch: 'amd64', os.version: '10.0', java.version: '1.8.0_231'
Driver info: driver.version: ChromeDriver
remote stacktrace: Backtrace:
	Ordinal0 [0x003C0C83+1707139]
	Ordinal0 [0x003268F1+1075441]
	Ordinal0 [0x0029DE72+515698]
	Ordinal0 [0x00297CA8+490664]
	Ordinal0 [0x0029839B+492443]
	Ordinal0 [0x002992F5+496373]
	Ordinal0 [0x00294F05+478981]
	Ordinal0 [0x0029ECA0+519328]
	Ordinal0 [0x0024CA67+182887]
	Ordinal0 [0x0024BDDD+179677]
	Ordinal0 [0x00249D4B+171339]
	Ordinal0 [0x00231D4A+73034]
	Ordinal0 [0x00232DC0+77248]
	Ordinal0 [0x00232D59+77145]
	Ordinal0 [0x0033BB67+1162087]
	GetHandleVerifier [0x0045A966+508998]
	GetHandleVerifier [0x0045A6A4+508292]
	GetHandleVerifier [0x0046F7B7+594583]
	GetHandleVerifier [0x0045B1D6+511158]
	Ordinal0 [0x0033402C+1130540]
	Ordinal0 [0x0033D4CB+1168587]
	Ordinal0 [0x0033D633+1168947]
	Ordinal0 [0x00355B35+1268533]
	BaseThreadInitThunk [0x77176359+25]
	RtlGetAppContainerNamedObjectPath [0x77C97B74+228]
	RtlGetAppContainerNamedObjectPath [0x77C97B44+180]

	at cucumber.api.testng.TestNGCucumberRunner.runCucumber(TestNGCucumberRunner.java:69)
	at com.tests.SearchByCategoryTestRunner.login(SearchByCategoryTestRunner.java:31)
	at sun.reflect.NativeMethodAccessorImpl.invoke0(Native Method)
	at sun.reflect.NativeMethodAccessorImpl.invoke(NativeMethodAccessorImpl.java:62)
	at sun.reflect.DelegatingMethodAccessorImpl.invoke(DelegatingMethodAccessorImpl.java:43)
	at java.lang.reflect.Method.invoke(Method.java:498)
	at org.testng.internal.MethodInvocationHelper.invokeMethod(MethodInvocationHelper.java:84)
	at org.testng.internal.Invoker.invokeMethod(Invoker.java:714)
	at org.testng.internal.Invoker.invokeTestMethod(Invoker.java:901)
	at org.testng.internal.Invoker.invokeTestMethods(Invoker.java:1231)
	at org.testng.internal.TestMethodWorker.invokeTestMethods(TestMethodWorker.java:127)
	at org.testng.internal.TestMethodWorker.run(TestMethodWorker.java:111)
	at org.testng.TestRunner.privateRun(TestRunner.java:767)
	at org.testng.TestRunner.run(TestRunner.java:617)
	at org.testng.SuiteRunner.runTest(SuiteRunner.java:334)
	at org.testng.SuiteRunner.runSequentially(SuiteRunner.java:329)
	at org.testng.SuiteRunner.privateRun(SuiteRunner.java:291)
	at org.testng.SuiteRunner.run(SuiteRunner.java:240)
	at org.testng.SuiteRunnerWorker.runSuite(SuiteRunnerWorker.java:52)
	at org.testng.SuiteRunnerWorker.run(SuiteRunnerWorker.java:86)
	at org.testng.TestNG.runSuitesSequentially(TestNG.java:1224)
	at org.testng.TestNG.runSuitesLocally(TestNG.java:1149)
	at org.testng.TestNG.run(TestNG.java:1057)
	at org.testng.remote.AbstractRemoteTestNG.run(AbstractRemoteTestNG.java:115)
	at org.testng.remote.RemoteTestNG.initAndRun(RemoteTestNG.java:251)
	at org.testng.remote.RemoteTestNG.main(RemoteTestNG.java:77)
Caused by: org.openqa.selenium.SessionNotCreatedException: session not created
from chrome not reachable
  (Session info: chrome=80.0.3987.163)
Build info: version: '3.141.59', revision: 'e82be7d358', time: '2018-11-14T08:17:03'
System info: host: 'BHARATH', ip: '192.168.43.184', os.name: 'Windows 10', os.arch: 'amd64', os.version: '10.0', java.version: '1.8.0_231'
Driver info: driver.version: ChromeDriver
remote stacktrace: Backtrace:
	Ordinal0 [0x003C0C83+1707139]
	Ordinal0 [0x003268F1+1075441]
	Ordinal0 [0x0029DE72+515698]
	Ordinal0 [0x00297CA8+490664]
	Ordinal0 [0x0029839B+492443]
	Ordinal0 [0x002992F5+496373]
	Ordinal0 [0x00294F05+478981]
	Ordinal0 [0x0029ECA0+519328]
	Ordinal0 [0x0024CA67+182887]
	Ordinal0 [0x0024BDDD+179677]
	Ordinal0 [0x00249D4B+171339]
	Ordinal0 [0x00231D4A+73034]
	Ordinal0 [0x00232DC0+77248]
	Ordinal0 [0x00232D59+77145]
	Ordinal0 [0x0033BB67+1162087]
	GetHandleVerifier [0x0045A966+508998]
	GetHandleVerifier [0x0045A6A4+508292]
	GetHandleVerifier [0x0046F7B7+594583]
	GetHandleVerifier [0x0045B1D6+511158]
	Ordinal0 [0x0033402C+1130540]
	Ordinal0 [0x0033D4CB+1168587]
	Ordinal0 [0x0033D633+1168947]
	Ordinal0 [0x00355B35+1268533]
	BaseThreadInitThunk [0x77176359+25]
	RtlGetAppContainerNamedObjectPath [0x77C97B74+228]
	RtlGetAppContainerNamedObjectPath [0x77C97B44+180]

	at sun.reflect.NativeConstructorAccessorImpl.newInstance0(Native Method)
	at sun.reflect.NativeConstructorAccessorImpl.newInstance(NativeConstructorAccessorImpl.java:62)
	at sun.reflect.DelegatingConstructorAccessorImpl.newInstance(DelegatingConstructorAccessorImpl.java:45)
	at java.lang.reflect.Constructor.newInstance(Constructor.java:423)
	at org.openqa.selenium.remote.W3CHandshakeResponse.lambda$errorHandler$0(W3CHandshakeResponse.java:62)
	at org.openqa.selenium.remote.HandshakeResponse.lambda$getResponseFunction$0(HandshakeResponse.java:30)
	at org.openqa.selenium.remote.ProtocolHandshake.lambda$createSession$0(ProtocolHandshake.java:126)
	at java.util.stream.ReferencePipeline$3$1.accept(ReferencePipeline.java:193)
	at java.util.Spliterators$ArraySpliterator.tryAdvance(Spliterators.java:958)
	at java.util.stream.ReferencePipeline.forEachWithCancel(ReferencePipeline.java:126)
	at java.util.stream.AbstractPipeline.copyIntoWithCancel(AbstractPipeline.java:499)
	at java.util.stream.AbstractPipeline.copyInto(AbstractPipeline.java:486)
	at java.util.stream.AbstractPipeline.wrapAndCopyInto(AbstractPipeline.java:472)
	at java.util.stream.FindOps$FindOp.evaluateSequential(FindOps.java:152)
	at java.util.stream.AbstractPipeline.evaluate(AbstractPipeline.java:234)
	at java.util.stream.ReferencePipeline.findFirst(ReferencePipeline.java:464)
	at org.openqa.selenium.remote.ProtocolHandshake.createSession(ProtocolHandshake.java:128)
	at org.openqa.selenium.remote.ProtocolHandshake.createSession(ProtocolHandshake.java:74)
	at org.openqa.selenium.remote.HttpCommandExecutor.execute(HttpCommandExecutor.java:136)
	at org.openqa.selenium.remote.service.DriverCommandExecutor.execute(DriverCommandExecutor.java:83)
	at org.openqa.selenium.remote.RemoteWebDriver.execute(RemoteWebDriver.java:552)
	at org.openqa.selenium.remote.RemoteWebDriver.startSession(RemoteWebDriver.java:213)
	at org.openqa.selenium.remote.RemoteWebDriver.<init>(RemoteWebDriver.java:131)
	at org.openqa.selenium.chrome.ChromeDriver.<init>(ChromeDriver.java:181)
	at org.openqa.selenium.chrome.ChromeDriver.<init>(ChromeDriver.java:168)
	at org.openqa.selenium.chrome.ChromeDriver.<init>(ChromeDriver.java:123)
	at com.pages.Base_Class.launchBrowser(Base_Class.java:35)
	at com.testdefinition.SearchByCategoryTest.i_am_on_the_homepage(SearchByCategoryTest.java:19)
	at ?.Given I am on the homepage(CatagorySearch.feature:6)
]]>
            </full-stacktrace>
          </exception> <!-- cucumber.runtime.CucumberException -->
          <reporter-output>
          </reporter-output>
        </test-method> <!-- login -->
        <test-method status="PASS" signature="tearDown()[pri:0, instance:com.tests.SearchByCategoryTestRunner@4dfa3a9d]" name="tearDown" is-config="true" duration-ms="5" started-at="2020-04-10T19:23:41Z" finished-at="2020-04-10T19:23:41Z">
          <reporter-output>
          </reporter-output>
        </test-method> <!-- tearDown -->
      </class> <!-- com.tests.SearchByCategoryTestRunner -->
      <class name="com.tests.AdminPageTestRunner">
        <test-method status="PASS" signature="setUP()[pri:0, instance:com.tests.AdminPageTestRunner@589838eb]" name="setUP" is-config="true" duration-ms="27" started-at="2020-04-10T19:22:50Z" finished-at="2020-04-10T19:22:50Z">
          <reporter-output>
          </reporter-output>
        </test-method> <!-- setUP -->
        <test-method status="FAIL" signature="login(cucumber.api.testng.CucumberFeatureWrapper)[pri:0, instance:com.tests.AdminPageTestRunner@589838eb]" name="login" duration-ms="35392" started-at="2020-04-10T19:22:50Z" description="login" data-provider="features" finished-at="2020-04-10T19:23:26Z">
          <params>
            <param index="0">
              <value>
                <![CDATA[AdminstrationPage]]>
              </value>
            </param>
          </params>
          <exception class="cucumber.runtime.CucumberException">
            <message>
              <![CDATA[org.openqa.selenium.SessionNotCreatedException: session not created
from chrome not reachable
  (Session info: chrome=80.0.3987.163)
Build info: version: '3.141.59', revision: 'e82be7d358', time: '2018-11-14T08:17:03'
System info: host: 'BHARATH', ip: '192.168.43.184', os.name: 'Windows 10', os.arch: 'amd64', os.version: '10.0', java.version: '1.8.0_231'
Driver info: driver.version: ChromeDriver
remote stacktrace: Backtrace:
	Ordinal0 [0x003C0C83+1707139]
	Ordinal0 [0x003268F1+1075441]
	Ordinal0 [0x0029DE72+515698]
	Ordinal0 [0x00297CA8+490664]
	Ordinal0 [0x0029839B+492443]
	Ordinal0 [0x002992F5+496373]
	Ordinal0 [0x00294F05+478981]
	Ordinal0 [0x0029ECA0+519328]
	Ordinal0 [0x0024CA67+182887]
	Ordinal0 [0x0024BDDD+179677]
	Ordinal0 [0x00249D4B+171339]
	Ordinal0 [0x00231D4A+73034]
	Ordinal0 [0x00232DC0+77248]
	Ordinal0 [0x00232D59+77145]
	Ordinal0 [0x0033BB67+1162087]
	GetHandleVerifier [0x0045A966+508998]
	GetHandleVerifier [0x0045A6A4+508292]
	GetHandleVerifier [0x0046F7B7+594583]
	GetHandleVerifier [0x0045B1D6+511158]
	Ordinal0 [0x0033402C+1130540]
	Ordinal0 [0x0033D4CB+1168587]
	Ordinal0 [0x0033D633+1168947]
	Ordinal0 [0x00355B35+1268533]
	BaseThreadInitThunk [0x77176359+25]
	RtlGetAppContainerNamedObjectPath [0x77C97B74+228]
	RtlGetAppContainerNamedObjectPath [0x77C97B44+180]
]]>
            </message>
            <full-stacktrace>
              <![CDATA[cucumber.runtime.CucumberException: org.openqa.selenium.SessionNotCreatedException: session not created
from chrome not reachable
  (Session info: chrome=80.0.3987.163)
Build info: version: '3.141.59', revision: 'e82be7d358', time: '2018-11-14T08:17:03'
System info: host: 'BHARATH', ip: '192.168.43.184', os.name: 'Windows 10', os.arch: 'amd64', os.version: '10.0', java.version: '1.8.0_231'
Driver info: driver.version: ChromeDriver
remote stacktrace: Backtrace:
	Ordinal0 [0x003C0C83+1707139]
	Ordinal0 [0x003268F1+1075441]
	Ordinal0 [0x0029DE72+515698]
	Ordinal0 [0x00297CA8+490664]
	Ordinal0 [0x0029839B+492443]
	Ordinal0 [0x002992F5+496373]
	Ordinal0 [0x00294F05+478981]
	Ordinal0 [0x0029ECA0+519328]
	Ordinal0 [0x0024CA67+182887]
	Ordinal0 [0x0024BDDD+179677]
	Ordinal0 [0x00249D4B+171339]
	Ordinal0 [0x00231D4A+73034]
	Ordinal0 [0x00232DC0+77248]
	Ordinal0 [0x00232D59+77145]
	Ordinal0 [0x0033BB67+1162087]
	GetHandleVerifier [0x0045A966+508998]
	GetHandleVerifier [0x0045A6A4+508292]
	GetHandleVerifier [0x0046F7B7+594583]
	GetHandleVerifier [0x0045B1D6+511158]
	Ordinal0 [0x0033402C+1130540]
	Ordinal0 [0x0033D4CB+1168587]
	Ordinal0 [0x0033D633+1168947]
	Ordinal0 [0x00355B35+1268533]
	BaseThreadInitThunk [0x77176359+25]
	RtlGetAppContainerNamedObjectPath [0x77C97B74+228]
	RtlGetAppContainerNamedObjectPath [0x77C97B44+180]

	at cucumber.api.testng.TestNGCucumberRunner.runCucumber(TestNGCucumberRunner.java:69)
	at com.tests.AdminPageTestRunner.login(AdminPageTestRunner.java:31)
	at sun.reflect.NativeMethodAccessorImpl.invoke0(Native Method)
	at sun.reflect.NativeMethodAccessorImpl.invoke(NativeMethodAccessorImpl.java:62)
	at sun.reflect.DelegatingMethodAccessorImpl.invoke(DelegatingMethodAccessorImpl.java:43)
	at java.lang.reflect.Method.invoke(Method.java:498)
	at org.testng.internal.MethodInvocationHelper.invokeMethod(MethodInvocationHelper.java:84)
	at org.testng.internal.Invoker.invokeMethod(Invoker.java:714)
	at org.testng.internal.Invoker.invokeTestMethod(Invoker.java:901)
	at org.testng.internal.Invoker.invokeTestMethods(Invoker.java:1231)
	at org.testng.internal.TestMethodWorker.invokeTestMethods(TestMethodWorker.java:127)
	at org.testng.internal.TestMethodWorker.run(TestMethodWorker.java:111)
	at org.testng.TestRunner.privateRun(TestRunner.java:767)
	at org.testng.TestRunner.run(TestRunner.java:617)
	at org.testng.SuiteRunner.runTest(SuiteRunner.java:334)
	at org.testng.SuiteRunner.runSequentially(SuiteRunner.java:329)
	at org.testng.SuiteRunner.privateRun(SuiteRunner.java:291)
	at org.testng.SuiteRunner.run(SuiteRunner.java:240)
	at org.testng.SuiteRunnerWorker.runSuite(SuiteRunnerWorker.java:52)
	at org.testng.SuiteRunnerWorker.run(SuiteRunnerWorker.java:86)
	at org.testng.TestNG.runSuitesSequentially(TestNG.java:1224)
	at org.testng.TestNG.runSuitesLocally(TestNG.java:1149)
	at org.testng.TestNG.run(TestNG.java:1057)
	at org.testng.remote.AbstractRemoteTestNG.run(AbstractRemoteTestNG.java:115)
	at org.testng.remote.RemoteTestNG.initAndRun(RemoteTestNG.java:251)
	at org.testng.remote.RemoteTestNG.main(RemoteTestNG.java:77)
Caused by: org.openqa.selenium.SessionNotCreatedException: session not created
from chrome not reachable
  (Session info: chrome=80.0.3987.163)
Build info: version: '3.141.59', revision: 'e82be7d358', time: '2018-11-14T08:17:03'
System info: host: 'BHARATH', ip: '192.168.43.184', os.name: 'Windows 10', os.arch: 'amd64', os.version: '10.0', java.version: '1.8.0_231'
Driver info: driver.version: ChromeDriver
remote stacktrace: Backtrace:
	Ordinal0 [0x003C0C83+1707139]
	Ordinal0 [0x003268F1+1075441]
	Ordinal0 [0x0029DE72+515698]
	Ordinal0 [0x00297CA8+490664]
	Ordinal0 [0x0029839B+492443]
	Ordinal0 [0x002992F5+496373]
	Ordinal0 [0x00294F05+478981]
	Ordinal0 [0x0029ECA0+519328]
	Ordinal0 [0x0024CA67+182887]
	Ordinal0 [0x0024BDDD+179677]
	Ordinal0 [0x00249D4B+171339]
	Ordinal0 [0x00231D4A+73034]
	Ordinal0 [0x00232DC0+77248]
	Ordinal0 [0x00232D59+77145]
	Ordinal0 [0x0033BB67+1162087]
	GetHandleVerifier [0x0045A966+508998]
	GetHandleVerifier [0x0045A6A4+508292]
	GetHandleVerifier [0x0046F7B7+594583]
	GetHandleVerifier [0x0045B1D6+511158]
	Ordinal0 [0x0033402C+1130540]
	Ordinal0 [0x0033D4CB+1168587]
	Ordinal0 [0x0033D633+1168947]
	Ordinal0 [0x00355B35+1268533]
	BaseThreadInitThunk [0x77176359+25]
	RtlGetAppContainerNamedObjectPath [0x77C97B74+228]
	RtlGetAppContainerNamedObjectPath [0x77C97B44+180]

	at sun.reflect.NativeConstructorAccessorImpl.newInstance0(Native Method)
	at sun.reflect.NativeConstructorAccessorImpl.newInstance(NativeConstructorAccessorImpl.java:62)
	at sun.reflect.DelegatingConstructorAccessorImpl.newInstance(DelegatingConstructorAccessorImpl.java:45)
	at java.lang.reflect.Constructor.newInstance(Constructor.java:423)
	at org.openqa.selenium.remote.W3CHandshakeResponse.lambda$errorHandler$0(W3CHandshakeResponse.java:62)
	at org.openqa.selenium.remote.HandshakeResponse.lambda$getResponseFunction$0(HandshakeResponse.java:30)
	at org.openqa.selenium.remote.ProtocolHandshake.lambda$createSession$0(ProtocolHandshake.java:126)
	at java.util.stream.ReferencePipeline$3$1.accept(ReferencePipeline.java:193)
	at java.util.Spliterators$ArraySpliterator.tryAdvance(Spliterators.java:958)
	at java.util.stream.ReferencePipeline.forEachWithCancel(ReferencePipeline.java:126)
	at java.util.stream.AbstractPipeline.copyIntoWithCancel(AbstractPipeline.java:499)
	at java.util.stream.AbstractPipeline.copyInto(AbstractPipeline.java:486)
	at java.util.stream.AbstractPipeline.wrapAndCopyInto(AbstractPipeline.java:472)
	at java.util.stream.FindOps$FindOp.evaluateSequential(FindOps.java:152)
	at java.util.stream.AbstractPipeline.evaluate(AbstractPipeline.java:234)
	at java.util.stream.ReferencePipeline.findFirst(ReferencePipeline.java:464)
	at org.openqa.selenium.remote.ProtocolHandshake.createSession(ProtocolHandshake.java:128)
	at org.openqa.selenium.remote.ProtocolHandshake.createSession(ProtocolHandshake.java:74)
	at org.openqa.selenium.remote.HttpCommandExecutor.execute(HttpCommandExecutor.java:136)
	at org.openqa.selenium.remote.service.DriverCommandExecutor.execute(DriverCommandExecutor.java:83)
	at org.openqa.selenium.remote.RemoteWebDriver.execute(RemoteWebDriver.java:552)
	at org.openqa.selenium.remote.RemoteWebDriver.startSession(RemoteWebDriver.java:213)
	at org.openqa.selenium.remote.RemoteWebDriver.<init>(RemoteWebDriver.java:131)
	at org.openqa.selenium.chrome.ChromeDriver.<init>(ChromeDriver.java:181)
	at org.openqa.selenium.chrome.ChromeDriver.<init>(ChromeDriver.java:168)
	at org.openqa.selenium.chrome.ChromeDriver.<init>(ChromeDriver.java:123)
	at com.pages.Base_Class.launchBrowser(Base_Class.java:35)
	at com.testdefinition.AdminPageTest.i_am_on_homepage_and_click_on_admin_link(AdminPageTest.java:28)
	at ?.Given I am on homepage and click on admin link(Admin.feature:7)
]]>
            </full-stacktrace>
          </exception> <!-- cucumber.runtime.CucumberException -->
          <reporter-output>
          </reporter-output>
        </test-method> <!-- login -->
        <test-method status="PASS" signature="tearDown()[pri:0, instance:com.tests.AdminPageTestRunner@589838eb]" name="tearDown" is-config="true" duration-ms="8" started-at="2020-04-10T19:23:26Z" finished-at="2020-04-10T19:23:26Z">
          <reporter-output>
          </reporter-output>
        </test-method> <!-- tearDown -->
      </class> <!-- com.tests.AdminPageTestRunner -->
      <class name="com.tests.LoginPageTestRunner">
        <test-method status="PASS" signature="setUP()[pri:0, instance:com.tests.LoginPageTestRunner@271053e1]" name="setUP" is-config="true" duration-ms="36" started-at="2020-04-10T19:17:45Z" finished-at="2020-04-10T19:17:45Z">
          <reporter-output>
          </reporter-output>
        </test-method> <!-- setUP -->
        <test-method status="FAIL" signature="login(cucumber.api.testng.CucumberFeatureWrapper)[pri:0, instance:com.tests.LoginPageTestRunner@271053e1]" name="login" duration-ms="305559" started-at="2020-04-10T19:17:45Z" description="login" data-provider="features" finished-at="2020-04-10T19:22:50Z">
          <params>
            <param index="0">
              <value>
                <![CDATA[Signin as member]]>
              </value>
            </param>
          </params>
          <exception class="cucumber.runtime.CucumberException">
            <message>
              <![CDATA[org.openqa.selenium.TimeoutException: timeout: Timed out receiving message from renderer: -0.001
  (Session info: chrome=80.0.3987.163)
Build info: version: '3.141.59', revision: 'e82be7d358', time: '2018-11-14T08:17:03'
System info: host: 'BHARATH', ip: '192.168.43.184', os.name: 'Windows 10', os.arch: 'amd64', os.version: '10.0', java.version: '1.8.0_231'
Driver info: org.openqa.selenium.chrome.ChromeDriver
Capabilities {acceptInsecureCerts: false, browserName: chrome, browserVersion: 80.0.3987.163, chrome: {chromedriverVersion: 80.0.3987.106 (f68069574609..., userDataDir: C:\Users\KANISE~1\AppData\L...}, goog:chromeOptions: {debuggerAddress: localhost:4003}, javascriptEnabled: true, networkConnectionEnabled: false, pageLoadStrategy: normal, platform: WINDOWS, platformName: WINDOWS, proxy: Proxy(), setWindowRect: true, strictFileInteractability: false, timeouts: {implicit: 0, pageLoad: 300000, script: 30000}, unhandledPromptBehavior: dismiss and notify}
Session ID: 29c42890abc7c047bfcd34bc1e626a22]]>
            </message>
            <full-stacktrace>
              <![CDATA[cucumber.runtime.CucumberException: org.openqa.selenium.TimeoutException: timeout: Timed out receiving message from renderer: -0.001
  (Session info: chrome=80.0.3987.163)
Build info: version: '3.141.59', revision: 'e82be7d358', time: '2018-11-14T08:17:03'
System info: host: 'BHARATH', ip: '192.168.43.184', os.name: 'Windows 10', os.arch: 'amd64', os.version: '10.0', java.version: '1.8.0_231'
Driver info: org.openqa.selenium.chrome.ChromeDriver
Capabilities {acceptInsecureCerts: false, browserName: chrome, browserVersion: 80.0.3987.163, chrome: {chromedriverVersion: 80.0.3987.106 (f68069574609..., userDataDir: C:\Users\KANISE~1\AppData\L...}, goog:chromeOptions: {debuggerAddress: localhost:4003}, javascriptEnabled: true, networkConnectionEnabled: false, pageLoadStrategy: normal, platform: WINDOWS, platformName: WINDOWS, proxy: Proxy(), setWindowRect: true, strictFileInteractability: false, timeouts: {implicit: 0, pageLoad: 300000, script: 30000}, unhandledPromptBehavior: dismiss and notify}
Session ID: 29c42890abc7c047bfcd34bc1e626a22
	at cucumber.api.testng.TestNGCucumberRunner.runCucumber(TestNGCucumberRunner.java:69)
	at com.tests.LoginPageTestRunner.login(LoginPageTestRunner.java:31)
	at sun.reflect.NativeMethodAccessorImpl.invoke0(Native Method)
	at sun.reflect.NativeMethodAccessorImpl.invoke(NativeMethodAccessorImpl.java:62)
	at sun.reflect.DelegatingMethodAccessorImpl.invoke(DelegatingMethodAccessorImpl.java:43)
	at java.lang.reflect.Method.invoke(Method.java:498)
	at org.testng.internal.MethodInvocationHelper.invokeMethod(MethodInvocationHelper.java:84)
	at org.testng.internal.Invoker.invokeMethod(Invoker.java:714)
	at org.testng.internal.Invoker.invokeTestMethod(Invoker.java:901)
	at org.testng.internal.Invoker.invokeTestMethods(Invoker.java:1231)
	at org.testng.internal.TestMethodWorker.invokeTestMethods(TestMethodWorker.java:127)
	at org.testng.internal.TestMethodWorker.run(TestMethodWorker.java:111)
	at org.testng.TestRunner.privateRun(TestRunner.java:767)
	at org.testng.TestRunner.run(TestRunner.java:617)
	at org.testng.SuiteRunner.runTest(SuiteRunner.java:334)
	at org.testng.SuiteRunner.runSequentially(SuiteRunner.java:329)
	at org.testng.SuiteRunner.privateRun(SuiteRunner.java:291)
	at org.testng.SuiteRunner.run(SuiteRunner.java:240)
	at org.testng.SuiteRunnerWorker.runSuite(SuiteRunnerWorker.java:52)
	at org.testng.SuiteRunnerWorker.run(SuiteRunnerWorker.java:86)
	at org.testng.TestNG.runSuitesSequentially(TestNG.java:1224)
	at org.testng.TestNG.runSuitesLocally(TestNG.java:1149)
	at org.testng.TestNG.run(TestNG.java:1057)
	at org.testng.remote.AbstractRemoteTestNG.run(AbstractRemoteTestNG.java:115)
	at org.testng.remote.RemoteTestNG.initAndRun(RemoteTestNG.java:251)
	at org.testng.remote.RemoteTestNG.main(RemoteTestNG.java:77)
Caused by: org.openqa.selenium.TimeoutException: timeout: Timed out receiving message from renderer: -0.001
  (Session info: chrome=80.0.3987.163)
Build info: version: '3.141.59', revision: 'e82be7d358', time: '2018-11-14T08:17:03'
System info: host: 'BHARATH', ip: '192.168.43.184', os.name: 'Windows 10', os.arch: 'amd64', os.version: '10.0', java.version: '1.8.0_231'
Driver info: org.openqa.selenium.chrome.ChromeDriver
Capabilities {acceptInsecureCerts: false, browserName: chrome, browserVersion: 80.0.3987.163, chrome: {chromedriverVersion: 80.0.3987.106 (f68069574609..., userDataDir: C:\Users\KANISE~1\AppData\L...}, goog:chromeOptions: {debuggerAddress: localhost:4003}, javascriptEnabled: true, networkConnectionEnabled: false, pageLoadStrategy: normal, platform: WINDOWS, platformName: WINDOWS, proxy: Proxy(), setWindowRect: true, strictFileInteractability: false, timeouts: {implicit: 0, pageLoad: 300000, script: 30000}, unhandledPromptBehavior: dismiss and notify}
Session ID: 29c42890abc7c047bfcd34bc1e626a22
	at sun.reflect.NativeConstructorAccessorImpl.newInstance0(Native Method)
	at sun.reflect.NativeConstructorAccessorImpl.newInstance(NativeConstructorAccessorImpl.java:62)
	at sun.reflect.DelegatingConstructorAccessorImpl.newInstance(DelegatingConstructorAccessorImpl.java:45)
	at java.lang.reflect.Constructor.newInstance(Constructor.java:423)
	at org.openqa.selenium.remote.http.W3CHttpResponseCodec.createException(W3CHttpResponseCodec.java:187)
	at org.openqa.selenium.remote.http.W3CHttpResponseCodec.decode(W3CHttpResponseCodec.java:122)
	at org.openqa.selenium.remote.http.W3CHttpResponseCodec.decode(W3CHttpResponseCodec.java:49)
	at org.openqa.selenium.remote.HttpCommandExecutor.execute(HttpCommandExecutor.java:158)
	at org.openqa.selenium.remote.service.DriverCommandExecutor.execute(DriverCommandExecutor.java:83)
	at org.openqa.selenium.remote.RemoteWebDriver.execute(RemoteWebDriver.java:552)
	at org.openqa.selenium.remote.RemoteWebDriver.get(RemoteWebDriver.java:277)
	at com.pages.Base_Class.launchBrowser(Base_Class.java:37)
	at com.testdefinition.LoginPageTest.open_application_and_clickon_signin_link(LoginPageTest.java:25)
	at ?.Given open application and clickon signin link(Login.feature:8)
]]>
            </full-stacktrace>
          </exception> <!-- cucumber.runtime.CucumberException -->
          <reporter-output>
          </reporter-output>
        </test-method> <!-- login -->
        <test-method status="PASS" signature="tearDown()[pri:0, instance:com.tests.LoginPageTestRunner@271053e1]" name="tearDown" is-config="true" duration-ms="2" started-at="2020-04-10T19:22:50Z" finished-at="2020-04-10T19:22:50Z">
          <reporter-output>
          </reporter-output>
        </test-method> <!-- tearDown -->
      </class> <!-- com.tests.LoginPageTestRunner -->
    </test> <!-- Test -->
  </suite> <!-- Suite -->
</testng-results>
