<?xml version="1.0" encoding="UTF-8"?>
<!-- Generated by org.testng.reporters.JUnitReportReporter -->
<testsuite hostname="Bharath" name="com.tests.AdminPageTestRunner" tests="1" failures="1" timestamp="10 Apr 2020 13:53:42 GMT" time="35.392" errors="0">
  <testcase name="login" time="35.392" classname="com.tests.AdminPageTestRunner">
    <failure type="cucumber.runtime.CucumberException" message="org.openqa.selenium.SessionNotCreatedException: session not created
from chrome not reachable
  (Session info: chrome=80.0.3987.163)
Build info: version: &#039;3.141.59&#039;, revision: &#039;e82be7d358&#039;, time: &#039;2018-11-14T08:17:03&#039;
System info: host: &#039;BHARATH&#039;, ip: &#039;192.168.43.184&#039;, os.name: &#039;Windows 10&#039;, os.arch: &#039;amd64&#039;, os.version: &#039;10.0&#039;, java.version: &#039;1.8.0_231&#039;
Driver info: driver.version: ChromeDriver
remote stacktrace: Backtrace:
	Ordinal0 [0x003C0C83+1707139]
	Ordinal0 [0x003268F1+1075441]
	Ordinal0 [0x0029DE72+515698]
	Ordinal0 [0x00297CA8+490664]
	Ordinal0 [0x0029839B+492443]
	Ordinal0 [0x002992F5+496373]
	Ordinal0 [0x00294F05+478981]
	Ordinal0 [0x0029ECA0+519328]
	Ordinal0 [0x0024CA67+182887]
	Ordinal0 [0x0024BDDD+179677]
	Ordinal0 [0x00249D4B+171339]
	Ordinal0 [0x00231D4A+73034]
	Ordinal0 [0x00232DC0+77248]
	Ordinal0 [0x00232D59+77145]
	Ordinal0 [0x0033BB67+1162087]
	GetHandleVerifier [0x0045A966+508998]
	GetHandleVerifier [0x0045A6A4+508292]
	GetHandleVerifier [0x0046F7B7+594583]
	GetHandleVerifier [0x0045B1D6+511158]
	Ordinal0 [0x0033402C+1130540]
	Ordinal0 [0x0033D4CB+1168587]
	Ordinal0 [0x0033D633+1168947]
	Ordinal0 [0x00355B35+1268533]
	BaseThreadInitThunk [0x77176359+25]
	RtlGetAppContainerNamedObjectPath [0x77C97B74+228]
	RtlGetAppContainerNamedObjectPath [0x77C97B44+180]
">
      <![CDATA[cucumber.runtime.CucumberException: org.openqa.selenium.SessionNotCreatedException: session not created
from chrome not reachable
  (Session info: chrome=80.0.3987.163)
Build info: version: '3.141.59', revision: 'e82be7d358', time: '2018-11-14T08:17:03'
System info: host: 'BHARATH', ip: '192.168.43.184', os.name: 'Windows 10', os.arch: 'amd64', os.version: '10.0', java.version: '1.8.0_231'
Driver info: driver.version: ChromeDriver
remote stacktrace: Backtrace:
	Ordinal0 [0x003C0C83+1707139]
	Ordinal0 [0x003268F1+1075441]
	Ordinal0 [0x0029DE72+515698]
	Ordinal0 [0x00297CA8+490664]
	Ordinal0 [0x0029839B+492443]
	Ordinal0 [0x002992F5+496373]
	Ordinal0 [0x00294F05+478981]
	Ordinal0 [0x0029ECA0+519328]
	Ordinal0 [0x0024CA67+182887]
	Ordinal0 [0x0024BDDD+179677]
	Ordinal0 [0x00249D4B+171339]
	Ordinal0 [0x00231D4A+73034]
	Ordinal0 [0x00232DC0+77248]
	Ordinal0 [0x00232D59+77145]
	Ordinal0 [0x0033BB67+1162087]
	GetHandleVerifier [0x0045A966+508998]
	GetHandleVerifier [0x0045A6A4+508292]
	GetHandleVerifier [0x0046F7B7+594583]
	GetHandleVerifier [0x0045B1D6+511158]
	Ordinal0 [0x0033402C+1130540]
	Ordinal0 [0x0033D4CB+1168587]
	Ordinal0 [0x0033D633+1168947]
	Ordinal0 [0x00355B35+1268533]
	BaseThreadInitThunk [0x77176359+25]
	RtlGetAppContainerNamedObjectPath [0x77C97B74+228]
	RtlGetAppContainerNamedObjectPath [0x77C97B44+180]

	at cucumber.api.testng.TestNGCucumberRunner.runCucumber(TestNGCucumberRunner.java:69)
	at com.tests.AdminPageTestRunner.login(AdminPageTestRunner.java:31)
	at sun.reflect.NativeMethodAccessorImpl.invoke0(Native Method)
	at sun.reflect.NativeMethodAccessorImpl.invoke(NativeMethodAccessorImpl.java:62)
	at sun.reflect.DelegatingMethodAccessorImpl.invoke(DelegatingMethodAccessorImpl.java:43)
	at java.lang.reflect.Method.invoke(Method.java:498)
	at org.testng.internal.MethodInvocationHelper.invokeMethod(MethodInvocationHelper.java:84)
	at org.testng.internal.Invoker.invokeMethod(Invoker.java:714)
	at org.testng.internal.Invoker.invokeTestMethod(Invoker.java:901)
	at org.testng.internal.Invoker.invokeTestMethods(Invoker.java:1231)
	at org.testng.internal.TestMethodWorker.invokeTestMethods(TestMethodWorker.java:127)
	at org.testng.internal.TestMethodWorker.run(TestMethodWorker.java:111)
	at org.testng.TestRunner.privateRun(TestRunner.java:767)
	at org.testng.TestRunner.run(TestRunner.java:617)
	at org.testng.SuiteRunner.runTest(SuiteRunner.java:334)
	at org.testng.SuiteRunner.runSequentially(SuiteRunner.java:329)
	at org.testng.SuiteRunner.privateRun(SuiteRunner.java:291)
	at org.testng.SuiteRunner.run(SuiteRunner.java:240)
	at org.testng.SuiteRunnerWorker.runSuite(SuiteRunnerWorker.java:52)
	at org.testng.SuiteRunnerWorker.run(SuiteRunnerWorker.java:86)
	at org.testng.TestNG.runSuitesSequentially(TestNG.java:1224)
	at org.testng.TestNG.runSuitesLocally(TestNG.java:1149)
	at org.testng.TestNG.run(TestNG.java:1057)
	at org.testng.remote.AbstractRemoteTestNG.run(AbstractRemoteTestNG.java:115)
	at org.testng.remote.RemoteTestNG.initAndRun(RemoteTestNG.java:251)
	at org.testng.remote.RemoteTestNG.main(RemoteTestNG.java:77)
Caused by: org.openqa.selenium.SessionNotCreatedException: session not created
from chrome not reachable
  (Session info: chrome=80.0.3987.163)
Build info: version: '3.141.59', revision: 'e82be7d358', time: '2018-11-14T08:17:03'
System info: host: 'BHARATH', ip: '192.168.43.184', os.name: 'Windows 10', os.arch: 'amd64', os.version: '10.0', java.version: '1.8.0_231'
Driver info: driver.version: ChromeDriver
remote stacktrace: Backtrace:
	Ordinal0 [0x003C0C83+1707139]
	Ordinal0 [0x003268F1+1075441]
	Ordinal0 [0x0029DE72+515698]
	Ordinal0 [0x00297CA8+490664]
	Ordinal0 [0x0029839B+492443]
	Ordinal0 [0x002992F5+496373]
	Ordinal0 [0x00294F05+478981]
	Ordinal0 [0x0029ECA0+519328]
	Ordinal0 [0x0024CA67+182887]
	Ordinal0 [0x0024BDDD+179677]
	Ordinal0 [0x00249D4B+171339]
	Ordinal0 [0x00231D4A+73034]
	Ordinal0 [0x00232DC0+77248]
	Ordinal0 [0x00232D59+77145]
	Ordinal0 [0x0033BB67+1162087]
	GetHandleVerifier [0x0045A966+508998]
	GetHandleVerifier [0x0045A6A4+508292]
	GetHandleVerifier [0x0046F7B7+594583]
	GetHandleVerifier [0x0045B1D6+511158]
	Ordinal0 [0x0033402C+1130540]
	Ordinal0 [0x0033D4CB+1168587]
	Ordinal0 [0x0033D633+1168947]
	Ordinal0 [0x00355B35+1268533]
	BaseThreadInitThunk [0x77176359+25]
	RtlGetAppContainerNamedObjectPath [0x77C97B74+228]
	RtlGetAppContainerNamedObjectPath [0x77C97B44+180]

	at sun.reflect.NativeConstructorAccessorImpl.newInstance0(Native Method)
	at sun.reflect.NativeConstructorAccessorImpl.newInstance(NativeConstructorAccessorImpl.java:62)
	at sun.reflect.DelegatingConstructorAccessorImpl.newInstance(DelegatingConstructorAccessorImpl.java:45)
	at java.lang.reflect.Constructor.newInstance(Constructor.java:423)
	at org.openqa.selenium.remote.W3CHandshakeResponse.lambda$errorHandler$0(W3CHandshakeResponse.java:62)
	at org.openqa.selenium.remote.HandshakeResponse.lambda$getResponseFunction$0(HandshakeResponse.java:30)
	at org.openqa.selenium.remote.ProtocolHandshake.lambda$createSession$0(ProtocolHandshake.java:126)
	at java.util.stream.ReferencePipeline$3$1.accept(ReferencePipeline.java:193)
	at java.util.Spliterators$ArraySpliterator.tryAdvance(Spliterators.java:958)
	at java.util.stream.ReferencePipeline.forEachWithCancel(ReferencePipeline.java:126)
	at java.util.stream.AbstractPipeline.copyIntoWithCancel(AbstractPipeline.java:499)
	at java.util.stream.AbstractPipeline.copyInto(AbstractPipeline.java:486)
	at java.util.stream.AbstractPipeline.wrapAndCopyInto(AbstractPipeline.java:472)
	at java.util.stream.FindOps$FindOp.evaluateSequential(FindOps.java:152)
	at java.util.stream.AbstractPipeline.evaluate(AbstractPipeline.java:234)
	at java.util.stream.ReferencePipeline.findFirst(ReferencePipeline.java:464)
	at org.openqa.selenium.remote.ProtocolHandshake.createSession(ProtocolHandshake.java:128)
	at org.openqa.selenium.remote.ProtocolHandshake.createSession(ProtocolHandshake.java:74)
	at org.openqa.selenium.remote.HttpCommandExecutor.execute(HttpCommandExecutor.java:136)
	at org.openqa.selenium.remote.service.DriverCommandExecutor.execute(DriverCommandExecutor.java:83)
	at org.openqa.selenium.remote.RemoteWebDriver.execute(RemoteWebDriver.java:552)
	at org.openqa.selenium.remote.RemoteWebDriver.startSession(RemoteWebDriver.java:213)
	at org.openqa.selenium.remote.RemoteWebDriver.<init>(RemoteWebDriver.java:131)
	at org.openqa.selenium.chrome.ChromeDriver.<init>(ChromeDriver.java:181)
	at org.openqa.selenium.chrome.ChromeDriver.<init>(ChromeDriver.java:168)
	at org.openqa.selenium.chrome.ChromeDriver.<init>(ChromeDriver.java:123)
	at com.pages.Base_Class.launchBrowser(Base_Class.java:35)
	at com.testdefinition.AdminPageTest.i_am_on_homepage_and_click_on_admin_link(AdminPageTest.java:28)
	at âœ½.Given I am on homepage and click on admin link(Admin.feature:7)
]]>
    </failure>
  </testcase> <!-- login -->
</testsuite> <!-- com.tests.AdminPageTestRunner -->
